{"level":"info","message":"","service":"user-service"}
{"level":"info","message":"","service":"user-service"}
{"level":"info","message":"U","service":"user-service"}
{"level":"info","message":"Un","service":"user-service"}
{"level":"info","message":"Un ","service":"user-service"}
{"level":"info","message":"Un m","service":"user-service"}
{"level":"info","message":"Un men","service":"user-service"}
{"level":"info","message":"Un mensa","service":"user-service"}
{"level":"info","message":"Un mensaj","service":"user-service"}
{"level":"info","message":"Un mensaje","service":"user-service"}
{"level":"info","message":"Un mensaje de","service":"user-service"}
{"level":"info","message":"Un mensaje de ","service":"user-service"}
{"level":"info","message":"Un mensaje de i","service":"user-service"}
{"level":"info","message":"Un mensaje de in","service":"user-service"}
{"level":"info","message":"Un mensaje de info","service":"user-service"}
{"level":"info","message":"Un mensaje de info","service":"user-service"}
{"level":"info","message":"Un mensaje de info","service":"user-service"}
{"level":"info","message":"Un mensaje de info","service":"user-service"}
{"level":"info","message":"Un mensaje de info","service":"user-service"}
{"level":"info","message":"Un mensaje de info","service":"user-service"}
{"level":"info","message":"Un mensaje de info","service":"user-service"}
{"level":"info","message":"Un mensaje de info","service":"user-service"}
{"level":"info","message":"Un mensaje de info","service":"user-service"}
{"level":"info","message":"Un mensaje de info","service":"user-service"}
{"level":"info","message":"Un mensaje de info","service":"user-service"}
{"level":"info","message":"Un mensaje de info","service":"user-service"}
{"level":"error","message":"","service":"user-service"}
{"level":"info","message":"Un mensaje de info","service":"user-service"}
{"level":"error","message":"","service":"user-service"}
{"level":"info","message":"Un mensaje de info","service":"user-service"}
{"level":"error","message":"U","service":"user-service"}
{"level":"info","message":"Un mensaje de info","service":"user-service"}
{"level":"error","message":"Un","service":"user-service"}
{"level":"info","message":"Un mensaje de info","service":"user-service"}
{"level":"error","message":"Un ","service":"user-service"}
{"level":"info","message":"Un mensaje de info","service":"user-service"}
{"level":"error","message":"Un me","service":"user-service"}
{"level":"info","message":"Un mensaje de info","service":"user-service"}
{"level":"error","message":"Un mensa","service":"user-service"}
{"level":"info","message":"Un mensaje de info","service":"user-service"}
{"level":"error","message":"Un mensaj","service":"user-service"}
{"level":"info","message":"Un mensaje de info","service":"user-service"}
{"level":"error","message":"Un mensaje","service":"user-service"}
{"level":"info","message":"Un mensaje de info","service":"user-service"}
{"level":"error","message":"Un mensaje de","service":"user-service"}
{"level":"info","message":"Un mensaje de info","service":"user-service"}
{"level":"error","message":"Un mensaje de ","service":"user-service"}
{"level":"info","message":"Un mensaje de info","service":"user-service"}
{"level":"error","message":"Un mensaje de e","service":"user-service"}
{"level":"info","message":"Un mensaje de info","service":"user-service"}
{"level":"error","message":"Un mensaje de er","service":"user-service"}
{"level":"info","message":"Un mensaje de info","service":"user-service"}
{"level":"error","message":"Un mensaje de err","service":"user-service"}
{"level":"info","message":"Un mensaje de info","service":"user-service"}
{"level":"error","message":"Un mensaje de error","service":"user-service"}
{"level":"info","message":"Un mensaje de info","service":"user-service"}
{"level":"error","message":"Un mensaje de error","service":"user-service"}
{"level":"info","message":"Un mensaje de info","service":"user-service"}
{"level":"error","message":"Un mensaje de error","service":"user-service"}
{"level":"info","message":"Un mensaje de info","service":"user-service"}
{"level":"error","message":"Un mensaje de error","service":"user-service"}
{"level":"info","message":"Un mensaje de info","service":"user-service"}
{"level":"error","message":"Un mensaje de error","service":"user-service"}
{"level":"info","message":"Un mensaje de info","service":"user-service"}
{"level":"error","message":"Un mensaje de error","service":"user-service"}
{"level":"info","message":"Un mensaje de info","service":"user-service"}
{"level":"error","message":"Un mensaje de error","service":"user-service"}
{"level":"info","message":"Un mensaje de info","service":"user-service"}
{"level":"error","message":"Un mensaje de error","service":"user-service"}
{"level":"info","message":"Un mensaje de info","service":"user-service"}
{"level":"error","message":"Un mensaje de error","service":"user-service"}
{"level":"info","message":"Un mensaje de info","service":"user-service"}
{"level":"error","message":"Un mensaje de error","service":"user-service"}
{"level":"info","message":"Un mensaje de info","service":"user-service"}
{"level":"error","message":"Un mensaje de error","service":"user-service"}
{"level":"info","message":"Un mensaje de info","service":"user-service"}
{"level":"error","message":"Un mensaje de error","service":"user-service"}
{"level":"info","message":"Un mensaje de info","service":"user-service"}
{"level":"error","message":"Un mensaje de error","service":"user-service"}
{"level":"info","message":"Un mensaje de info","service":"user-service"}
{"level":"error","message":"Un mensaje de error","service":"user-service"}
{"level":"info","message":"Un mensaje de info","service":"user-service"}
{"level":"error","message":"Un mensaje de error","service":"user-service"}
{"level":"info","message":"Un mensaje de info","service":"user-service"}
{"level":"error","message":"Un mensaje de error","service":"user-service"}
{"level":"info","message":"Un mensaje de info","service":"user-service"}
{"level":"error","message":"Un mensaje de error","service":"user-service"}
{"level":"info","message":"Un mensaje de info","service":"user-service"}
{"level":"error","message":"Un mensaje de error","service":"user-service"}
{"level":"info","message":"Un mensaje de info","service":"user-service"}
{"level":"error","message":"Un mensaje de error","service":"user-service"}
{"level":"info","message":"Un mensaje de info","service":"user-service"}
{"level":"error","message":"Un mensaje de error","service":"user-service"}
{"level":"info","message":"Un mensaje de info","service":"user-service"}
{"level":"error","message":"Un mensaje de error","service":"user-service"}
{"level":"info","message":"Un mensaje de info","service":"user-service"}
{"level":"error","message":"Un mensaje de error","service":"user-service"}
{"level":"info","message":"Un mensaje de info","service":"user-service"}
{"level":"error","message":"Un mensaje de error","service":"user-service"}
{"level":"info","message":"Un mensaje de info","service":"user-service"}
{"level":"error","message":"Un mensaje de error","service":"user-service"}
{"level":"info","message":"Un mensaje de info","service":"user-service"}
{"level":"error","message":"Un mensaje de error","service":"user-service"}
{"level":"info","message":"Un mensaje de info","service":"user-service"}
{"level":"error","message":"Un mensaje de error","service":"user-service"}
{"level":"info","message":"Un mensaje de info","service":"user-service"}
{"level":"error","message":"Un mensaje de error","service":"user-service"}
{"level":"info","message":"Un mensaje de info","service":"user-service"}
{"level":"error","message":"Un mensaje de error","service":"user-service"}
{"level":"info","message":"Un mensaje de info","service":"user-service"}
{"level":"error","message":"Un mensaje de error","service":"user-service"}
{"level":"info","message":"Un mensaje de info","service":"user-service"}
{"level":"error","message":"Un mensaje de error","service":"user-service"}
{"level":"debug","message":"Un mensaje de debug","service":"user-service"}
{"level":"info","message":"Un mensaje de info","service":"user-service"}
{"level":"error","message":"Un mensaje de error","service":"user-service"}
{"level":"debug","message":"Un mensaje de debug","service":"user-service"}
{"level":"info","message":"Un mensaje de info","service":"user-service"}
{"level":"error","message":"Un mensaje de error","service":"user-service"}
{"level":"debug","message":"Un mensaje de debug","service":"user-service"}
{"level":"info","message":"Un mensaje de info","service":"user-service"}
{"level":"error","message":"Un mensaje de error","service":"user-service"}
{"level":"debug","message":"Un mensaje de debug","service":"user-service"}
{"level":"info","message":"Un mensaje de info","service":"user-service"}
{"level":"error","message":"Un mensaje de error","service":"user-service"}
{"level":"debug","message":"Un mensaje de debug","service":"user-service"}
{"level":"info","message":"Un mensaje de info","service":"user-service"}
{"level":"error","message":"Un mensaje de error","service":"user-service"}
{"level":"debug","message":"Un mensaje de debug","service":"user-service"}
{"level":"info","message":"Un mensaje de info","service":"user-service"}
{"level":"error","message":"Un mensaje de error","service":"user-service"}
{"level":"debug","message":"Un mensaje de debug","service":"user-service"}
{"level":"info","message":"Un mensaje de info","service":"user-service"}
{"level":"error","message":"Un mensaje de error","service":"user-service"}
{"level":"debug","message":"Un mensaje de debug","service":"user-service"}
{"level":"info","message":"Un mensaje de info","service":"user-service"}
{"level":"error","message":"Un mensaje de error","service":"user-service"}
{"level":"debug","message":"Un mensaje de debug","service":"user-service"}
{"level":"info","message":"Un mensaje de info","service":"user-service"}
{"level":"error","message":"Un mensaje de error","service":"user-service"}
{"level":"debug","message":"Un mensaje de debug","service":"user-service"}
{"level":"info","message":"Un mensaje de info","service":"user-service"}
{"level":"error","message":"Un mensaje de error","service":"user-service"}
{"level":"debug","message":"Un mensaje de debug","service":"user-service"}
{"level":"info","message":"Un mensaje de info","service":"user-service"}
{"level":"error","message":"Un mensaje de error","service":"user-service"}
{"level":"debug","message":"Un mensaje de debug","service":"user-service"}
{"level":"info","message":"Un mensaje de info","service":"user-service"}
{"level":"error","message":"Un mensaje de error","service":"user-service"}
{"level":"debug","message":"Un mensaje de debug","service":"user-service"}
{"level":"info","message":"Un mensaje de info","service":"user-service"}
{"level":"error","message":"Un mensaje de error","service":"user-service"}
{"level":"debug","message":"Un mensaje de debug","service":"user-service"}
{"level":"info","message":"Un mensaje de info","service":"user-service"}
{"level":"error","message":"Un mensaje de error","service":"user-service"}
{"level":"debug","message":"Un mensaje de debug","service":"user-service"}
{"level":"info","message":"Un mensaje de info","service":"user-service"}
{"level":"error","message":"Un mensaje de error","service":"user-service"}
{"level":"debug","message":"Un mensaje de debug","service":"user-service"}
{"level":"info","message":"Un mensaje de info","service":"user-service"}
{"level":"error","message":"Un mensaje de error","service":"user-service"}
{"level":"debug","message":"Un mensaje de debug","service":"user-service"}
{"level":"info","message":"Un mensaje de info","service":"user-service"}
{"level":"error","message":"Un mensaje de error","service":"user-service"}
{"level":"debug","message":"Un mensaje de debug","service":"user-service"}
{"level":"info","message":"Un mensaje de info","service":"user-service"}
{"level":"error","message":"Un mensaje de error","service":"user-service"}
{"level":"debug","message":"Un mensaje de debug","service":"user-service"}
{"level":"info","message":"Un mensaje de info","service":"user-service"}
{"level":"error","message":"Un mensaje de error","service":"user-service"}
{"level":"debug","message":"Un mensaje de debug","service":"user-service"}
{"level":"info","message":"Un mensaje de info","service":"user-service"}
{"level":"error","message":"Un mensaje de error","service":"user-service"}
{"level":"debug","message":"Un mensaje de debug","service":"user-service"}
{"level":"info","message":"Un mensaje de info","service":"user-service"}
{"level":"error","message":"Un mensaje de error","service":"user-service"}
{"level":"debug","message":"Un mensaje de debug","service":"user-service"}
{"level":"info","message":"Un mensaje de info","service":"user-service"}
{"level":"error","message":"Un mensaje de error","service":"user-service"}
{"level":"debug","message":"Un mensaje de debug","service":"user-service"}
{"level":"info","message":"Un mensaje de info","service":"user-service"}
{"level":"error","message":"Un mensaje de error","service":"user-service"}
{"level":"debug","message":"Un mensaje de debug","service":"user-service"}
{"level":"info","message":"Un mensaje de info","service":"user-service"}
{"level":"error","message":"Un mensaje de error","service":"user-service"}
{"level":"debug","message":"Un mensaje de debug","service":"user-service"}
{"level":"info","message":"Un mensaje de info","service":"user-service"}
{"level":"error","message":"Un mensaje de error","service":"user-service"}
{"level":"debug","message":"Un mensaje de debug","service":"user-service"}
{"level":"info","message":"Un mensaje de info","service":"user-service"}
{"level":"error","message":"Un mensaje de error","service":"user-service"}
{"level":"debug","message":"Un mensaje de debug","service":"user-service"}
{"level":"info","message":"Un mensaje de info","service":"user-service"}
{"level":"error","message":"Un mensaje de error","service":"user-service"}
{"level":"debug","message":"Un mensaje de debug","service":"user-service"}
{"level":"info","message":"Un mensaje de info","service":"user-service"}
{"level":"error","message":"Un mensaje de error","service":"user-service"}
{"level":"debug","message":"Un mensaje de debug","service":"user-service"}
{"level":"info","message":"Un mensaje de info","service":"user-service"}
{"level":"error","message":"Un mensaje de error","service":"user-service"}
{"level":"debug","message":"Un mensaje de debug","service":"user-service"}
{"level":"info","message":"Un mensaje de info","service":"user-service"}
{"level":"error","message":"Un mensaje de error","service":"user-service"}
{"level":"debug","message":"Un mensaje de debug","service":"user-service"}
{"level":"info","message":"Un mensaje de info","service":"user-service"}
{"level":"error","message":"Un mensaje de error","service":"user-service"}
{"level":"debug","message":"Un mensaje de debug","service":"user-service"}
{"level":"info","message":"Un mensaje de info","service":"user-service"}
{"level":"error","message":"Un mensaje de error","service":"user-service"}
{"level":"debug","message":"Un mensaje de debug","service":"user-service"}
{"level":"info","message":"Un mensaje de info","service":"user-service"}
{"level":"error","message":"Un mensaje de error","service":"user-service"}
{"level":"debug","message":"Un mensaje de debug","service":"user-service"}
{"level":"info","message":"Un mensaje de info","service":"user-service"}
{"level":"error","message":"Un mensaje de error","service":"user-service"}
{"level":"debug","message":"Un mensaje de debug","service":"user-service"}
{"level":"info","message":"Un mensaje de info","service":"user-service"}
{"level":"error","message":"Un mensaje de error","service":"user-service"}
{"level":"debug","message":"Un mensaje de debug","service":"user-service"}
{"level":"info","message":"Un mensaje de info","service":"user-service"}
{"level":"error","message":"Un mensaje de error","service":"user-service"}
{"level":"debug","message":"Un mensaje de debug","service":"user-service"}
{"level":"info","message":"Un mensaje de info","service":"user-service"}
{"level":"error","message":"Un mensaje de error","service":"user-service"}
{"level":"debug","message":"Un mensaje de debug","service":"user-service"}
{"level":"info","message":"Un mensaje de info","service":"user-service"}
{"level":"error","message":"Un mensaje de error","service":"user-service"}
{"level":"debug","message":"Un mensaje de debug","service":"user-service"}
{"level":"info","message":"Un mensaje de info","service":"user-service"}
{"level":"error","message":"Un mensaje de error","service":"user-service"}
{"level":"debug","message":"Un mensaje de debug","service":"user-service"}
{"level":"info","message":"Un mensaje de info","service":"user-service"}
{"level":"error","message":"Un mensaje de error","service":"user-service"}
{"level":"debug","message":"Un mensaje de debug","service":"user-service"}
{"level":"info","message":"Un mensaje de info","service":"user-service"}
{"level":"error","message":"Un mensaje de error","service":"user-service"}
{"level":"debug","message":"Un mensaje de debug","service":"user-service"}
{"level":"info","message":"Un mensaje de info","service":"user-service"}
{"level":"error","message":"Un mensaje de error","service":"user-service"}
{"level":"debug","message":"Un mensaje de debug","service":"user-service"}
{"level":"info","message":"Un mensaje de info","service":"user-service"}
{"level":"error","message":"Un mensaje de error","service":"user-service"}
{"level":"debug","message":"Un mensaje de debug","service":"user-service"}
{"level":"info","message":"Un mensaje de info","service":"user-service"}
{"level":"error","message":"Un mensaje de error","service":"user-service"}
{"level":"debug","message":"Un mensaje de debug","service":"user-service"}
{"level":"info","message":"Un mensaje de info","service":"user-service"}
{"level":"error","message":"Un mensaje de error","service":"user-service"}
{"level":"debug","message":"Un mensaje de debug","service":"user-service"}
{"level":"info","message":"Un mensaje de info","service":"user-service"}
{"level":"error","message":"Un mensaje de error","service":"user-service"}
{"level":"debug","message":"Un mensaje de debug","service":"user-service"}
{"level":"info","message":"Un mensaje de info","service":"user-service"}
{"level":"error","message":"Un mensaje de error","service":"user-service"}
{"level":"debug","message":"Un mensaje de debug","service":"user-service"}
{"level":"info","message":"Un mensaje de info","service":"user-service"}
{"level":"error","message":"Un mensaje de error","service":"user-service"}
{"level":"debug","message":"Un mensaje de debug","service":"user-service"}
{"level":"info","message":"Un mensaje de info","service":"user-service"}
{"level":"error","message":"Un mensaje de error","service":"user-service"}
{"level":"debug","message":"Un mensaje de debug","service":"user-service"}
{"level":"info","message":"Un mensaje de info","service":"user-service"}
{"level":"error","message":"Un mensaje de error","service":"user-service"}
{"level":"debug","message":"Un mensaje de debug","service":"user-service"}
{"level":"info","message":"Un mensaje de info","service":"user-service"}
{"level":"error","message":"Un mensaje de error","service":"user-service"}
{"level":"debug","message":"Un mensaje de debug","service":"user-service"}
{"level":"info","message":"Un mensaje de info","service":"user-service"}
{"level":"error","message":"Un mensaje de error","service":"user-service"}
{"level":"debug","message":"Un mensaje de debug","service":"user-service"}
{"level":"info","message":"Un mensaje de info","service":"user-service"}
{"level":"error","message":"Un mensaje de error","service":"user-service"}
{"level":"debug","message":"Un mensaje de debug","service":"user-service"}
{"level":"info","message":"Un mensaje de info","service":"user-service"}
{"level":"error","message":"Un mensaje de error","service":"user-service"}
{"level":"debug","message":"Un mensaje de debug","service":"user-service"}
{"level":"info","message":"Un mensaje de info","service":"user-service"}
{"level":"error","message":"Un mensaje de error","service":"user-service"}
{"level":"debug","message":"Un mensaje de debug","service":"user-service"}
{"level":"info","message":"Un mensaje de info","service":"user-service"}
{"level":"error","message":"Un mensaje de error","service":"user-service"}
{"level":"debug","message":"Un mensaje de debug","service":"user-service"}
{"level":"info","message":"Un mensaje de info","service":"user-service"}
{"level":"error","message":"Un mensaje de error","service":"user-service"}
{"level":"debug","message":"Un mensaje de debug","service":"user-service"}
{"level":"info","message":"Un mensaje de info","service":"user-service"}
{"level":"error","message":"Un mensaje de error","service":"user-service"}
{"level":"debug","message":"Un mensaje de debug","service":"user-service"}
{"level":"info","message":"Un mensaje de info","service":"user-service"}
{"level":"error","message":"Un mensaje de error","service":"user-service"}
{"level":"debug","message":"Un mensaje de debug","service":"user-service"}
{"level":"info","message":"Un mensaje de info","service":"user-service"}
{"level":"error","message":"Un mensaje de error","service":"user-service"}
{"level":"debug","message":"Un mensaje de debug","service":"user-service"}
{"level":"info","message":"Un mensaje de info","service":"user-service"}
{"level":"error","message":"Un mensaje de error","service":"user-service"}
{"level":"debug","message":"Un mensaje de debug","service":"user-service"}
{"level":"info","message":"Un mensaje de info","service":"user-service"}
{"level":"error","message":"Un mensaje de error","service":"user-service"}
{"level":"debug","message":"Un mensaje de debug","service":"user-service"}
{"level":"info","message":"Un mensaje de info","service":"user-service"}
{"level":"error","message":"Un mensaje de error","service":"user-service"}
{"level":"debug","message":"Un mensaje de debug","service":"user-service"}
{"level":"info","message":"Un mensaje de info","service":"user-service"}
{"level":"error","message":"Un mensaje de error","service":"user-service"}
{"level":"debug","message":"Un mensaje de debug","service":"user-service"}
{"level":"info","message":"Un mensaje de info","service":"user-service"}
{"level":"error","message":"Un mensaje de error","service":"user-service"}
{"level":"debug","message":"Un mensaje de debug","service":"user-service"}
{"level":"info","message":"Un mensaje de info","service":"user-service"}
{"level":"error","message":"Un mensaje de error","service":"user-service"}
{"level":"debug","message":"Un mensaje de debug","service":"user-service"}
{"level":"info","message":"Un mensaje de info","service":"user-service"}
{"level":"error","message":"Un mensaje de error","service":"user-service"}
{"level":"debug","message":"Un mensaje de debug","service":"user-service"}
{"level":"info","message":"Un mensaje de info","service":"user-service"}
{"level":"error","message":"Un mensaje de error","service":"user-service"}
{"level":"debug","message":"Un mensaje de debug","service":"user-service"}
{"level":"info","message":"Un mensaje de info","service":"user-service"}
{"level":"error","message":"Un mensaje de error","service":"user-service"}
{"level":"debug","message":"Un mensaje de debug","service":"user-service"}
{"level":"info","message":"Un mensaje de info","service":"user-service"}
{"level":"error","message":"Un mensaje de error","service":"user-service"}
{"level":"debug","message":"Un mensaje de debug","service":"user-service"}
{"level":"info","message":"Un mensaje de info","service":"user-service"}
{"level":"error","message":"Un mensaje de error","service":"user-service"}
{"level":"debug","message":"Un mensaje de debug","service":"user-service"}
{"level":"info","message":"Un mensaje de info","service":"user-service"}
{"level":"error","message":"Un mensaje de error","service":"user-service"}
{"level":"debug","message":"Un mensaje de debug","service":"user-service"}
{"level":"info","message":"Un mensaje de info","service":"user-service"}
{"level":"error","message":"Un mensaje de error","service":"user-service"}
{"level":"debug","message":"Un mensaje de debug","service":"user-service"}
{"level":"info","message":"Un mensaje de info","service":"user-service"}
{"level":"error","message":"Un mensaje de error","service":"user-service"}
{"level":"debug","message":"Un mensaje de debug","service":"user-service"}
{"level":"info","message":"Un mensaje de info","service":"user-service"}
{"level":"error","message":"Un mensaje de error","service":"user-service"}
{"level":"debug","message":"Un mensaje de debug","service":"user-service"}
{"level":"info","message":"Un mensaje de info","service":"user-service"}
{"level":"error","message":"Un mensaje de error","service":"user-service"}
{"level":"debug","message":"Un mensaje de debug","service":"user-service"}
{"level":"info","message":"Un mensaje de info","service":"user-service"}
{"level":"error","message":"Un mensaje de error","service":"user-service"}
{"level":"debug","message":"Un mensaje de debug","service":"user-service"}
{"level":"info","message":"Un mensaje de info","service":"user-service"}
{"level":"error","message":"Un mensaje de error","service":"user-service"}
{"level":"debug","message":"Un mensaje de debug","service":"user-service"}
{"level":"info","message":"Un mensaje de info","service":"user-service"}
{"level":"error","message":"Un mensaje de error","service":"user-service"}
{"level":"debug","message":"Un mensaje de debug","service":"user-service"}
{"level":"info","message":"Un mensaje de info","service":"user-service"}
{"level":"error","message":"Un mensaje de error","service":"user-service"}
{"level":"debug","message":"Un mensaje de debug","service":"user-service"}
{"level":"info","message":"Un mensaje de info","service":"user-service"}
{"level":"error","message":"Un mensaje de error","service":"user-service"}
{"level":"debug","message":"Un mensaje de debug","service":"user-service"}
{"level":"info","message":"Un mensaje de info","service":"user-service"}
{"level":"error","message":"Un mensaje de error","service":"user-service"}
{"level":"debug","message":"Un mensaje de debug","service":"user-service"}
{"level":"info","message":"Un mensaje de info","service":"user-service"}
{"level":"error","message":"Un mensaje de error","service":"user-service"}
{"level":"debug","message":"Un mensaje de debug","service":"user-service"}
{"level":"info","message":"Un mensaje de info","service":"user-service"}
{"level":"error","message":"Un mensaje de error","service":"user-service"}
{"level":"debug","message":"Un mensaje de debug","service":"user-service"}
{"level":"info","message":"Un mensaje de info","service":"user-service"}
{"level":"error","message":"Un mensaje de error","service":"user-service"}
{"level":"debug","message":"Un mensaje de debug","service":"user-service"}
{"level":"info","message":"Un mensaje de info","service":"user-service"}
{"level":"error","message":"Un mensaje de error","service":"user-service"}
{"level":"debug","message":"Un mensaje de debug","service":"user-service"}
{"level":"info","message":"Un mensaje de info","service":"user-service"}
{"level":"error","message":"Un mensaje de error","service":"user-service"}
{"level":"debug","message":"Un mensaje de debug","service":"user-service"}
{"level":"info","message":"Un mensaje de info","service":"user-service"}
{"level":"error","message":"Un mensaje de error","service":"user-service"}
{"level":"debug","message":"Un mensaje de debug","service":"user-service"}
{"level":"info","message":"Un mensaje de info","service":"user-service"}
{"level":"error","message":"Un mensaje de error","service":"user-service"}
{"level":"debug","message":"Un mensaje de debug","service":"user-service"}
{"level":"info","message":"Un mensaje de info","service":"user-service"}
{"level":"error","message":"Un mensaje de error","service":"user-service"}
{"level":"debug","message":"Un mensaje de debug","service":"user-service"}
{"level":"info","message":"Un mensaje de info","service":"user-service"}
{"level":"error","message":"Un mensaje de error","service":"user-service"}
{"level":"debug","message":"Un mensaje de debug","service":"user-service"}
{"level":"info","message":"Un mensaje de info","service":"user-service"}
{"level":"error","message":"Un mensaje de error","service":"user-service"}
{"level":"debug","message":"Un mensaje de debug","service":"user-service"}
{"level":"info","message":"Un mensaje de info","service":"user-service"}
{"level":"error","message":"Un mensaje de error","service":"user-service"}
{"level":"debug","message":"Un mensaje de debug","service":"user-service"}
{"level":"info","message":"Un mensaje de info","service":"user-service"}
{"level":"error","message":"Un mensaje de error","service":"user-service"}
{"level":"debug","message":"Un mensaje de debug","service":"user-service"}
{"level":"info","message":"Un mensaje de info","service":"user-service"}
{"level":"error","message":"Un mensaje de error","service":"user-service"}
{"level":"debug","message":"Un mensaje de debug","service":"user-service"}
{"level":"info","message":"Un mensaje de info","service":"user-service"}
{"level":"error","message":"Un mensaje de error","service":"user-service"}
{"level":"debug","message":"Un mensaje de debug","service":"user-service"}
{"level":"info","message":"Un mensaje de info","service":"user-service"}
{"level":"error","message":"Un mensaje de error","service":"user-service"}
{"level":"debug","message":"Un mensaje de debug","service":"user-service"}
{"level":"info","message":"Un mensaje de info","service":"user-service"}
{"level":"error","message":"Un mensaje de error","service":"user-service"}
{"level":"debug","message":"Un mensaje de debug","service":"user-service"}
{"level":"info","message":"Un mensaje de info","service":"user-service"}
{"level":"error","message":"Un mensaje de error","service":"user-service"}
{"level":"debug","message":"Un mensaje de debug","service":"user-service"}
{"level":"info","message":"Un mensaje de info","service":"user-service"}
{"level":"error","message":"Un mensaje de error","service":"user-service"}
{"level":"debug","message":"Un mensaje de debug","service":"user-service"}
{"level":"info","message":"Un mensaje de info","service":"user-service"}
{"level":"error","message":"Un mensaje de error","service":"user-service"}
{"level":"debug","message":"Un mensaje de debug","service":"user-service"}
{"level":"info","message":"Un mensaje de info","service":"user-service"}
{"level":"error","message":"Un mensaje de error","service":"user-service"}
{"level":"debug","message":"Un mensaje de debug","service":"user-service"}
{"level":"info","message":"Un mensaje de info","service":"user-service"}
{"level":"error","message":"Un mensaje de error","service":"user-service"}
{"level":"debug","message":"Un mensaje de debug","service":"user-service"}
{"level":"info","message":"Un mensaje de info","service":"user-service"}
{"level":"error","message":"Un mensaje de error","service":"user-service"}
{"level":"debug","message":"Un mensaje de debug","service":"user-service"}
{"level":"info","message":"Un mensaje de info","service":"user-service"}
{"level":"error","message":"Un mensaje de error","service":"user-service"}
{"level":"debug","message":"Un mensaje de debug","service":"user-service"}
{"level":"info","message":"Un mensaje de info","service":"user-service"}
{"level":"error","message":"Un mensaje de error","service":"user-service"}
{"level":"debug","message":"Un mensaje de debug","service":"user-service"}
