{"level":"error","message":"","service":"user-service"}
{"level":"error","message":"","service":"user-service"}
{"level":"error","message":"U","service":"user-service"}
{"level":"error","message":"Un","service":"user-service"}
{"level":"error","message":"Un ","service":"user-service"}
{"level":"error","message":"Un me","service":"user-service"}
{"level":"error","message":"Un mensa","service":"user-service"}
{"level":"error","message":"Un mensaj","service":"user-service"}
{"level":"error","message":"Un mensaje","service":"user-service"}
{"level":"error","message":"Un mensaje de","service":"user-service"}
{"level":"error","message":"Un mensaje de ","service":"user-service"}
{"level":"error","message":"Un mensaje de e","service":"user-service"}
{"level":"error","message":"Un mensaje de er","service":"user-service"}
{"level":"error","message":"Un mensaje de err","service":"user-service"}
{"level":"error","message":"Un mensaje de error","service":"user-service"}
{"level":"error","message":"Un mensaje de error","service":"user-service"}
{"level":"error","message":"Un mensaje de error","service":"user-service"}
{"level":"error","message":"Un mensaje de error","service":"user-service"}
{"level":"error","message":"Un mensaje de error","service":"user-service"}
{"level":"error","message":"Un mensaje de error","service":"user-service"}
{"level":"error","message":"Un mensaje de error","service":"user-service"}
{"level":"error","message":"Un mensaje de error","service":"user-service"}
{"level":"error","message":"Un mensaje de error","service":"user-service"}
{"level":"error","message":"Un mensaje de error","service":"user-service"}
{"level":"error","message":"Un mensaje de error","service":"user-service"}
{"level":"error","message":"Un mensaje de error","service":"user-service"}
{"level":"error","message":"Un mensaje de error","service":"user-service"}
{"level":"error","message":"Un mensaje de error","service":"user-service"}
{"level":"error","message":"Un mensaje de error","service":"user-service"}
{"level":"error","message":"Un mensaje de error","service":"user-service"}
{"level":"error","message":"Un mensaje de error","service":"user-service"}
{"level":"error","message":"Un mensaje de error","service":"user-service"}
{"level":"error","message":"Un mensaje de error","service":"user-service"}
{"level":"error","message":"Un mensaje de error","service":"user-service"}
{"level":"error","message":"Un mensaje de error","service":"user-service"}
{"level":"error","message":"Un mensaje de error","service":"user-service"}
{"level":"error","message":"Un mensaje de error","service":"user-service"}
{"level":"error","message":"Un mensaje de error","service":"user-service"}
{"level":"error","message":"Un mensaje de error","service":"user-service"}
{"level":"error","message":"Un mensaje de error","service":"user-service"}
{"level":"error","message":"Un mensaje de error","service":"user-service"}
{"level":"error","message":"Un mensaje de error","service":"user-service"}
{"level":"error","message":"Un mensaje de error","service":"user-service"}
{"level":"error","message":"Un mensaje de error","service":"user-service"}
{"level":"error","message":"Un mensaje de error","service":"user-service"}
{"level":"error","message":"Un mensaje de error","service":"user-service"}
{"level":"error","message":"Un mensaje de error","service":"user-service"}
{"level":"error","message":"Un mensaje de error","service":"user-service"}
{"level":"error","message":"Un mensaje de error","service":"user-service"}
{"level":"error","message":"Un mensaje de error","service":"user-service"}
{"level":"error","message":"Un mensaje de error","service":"user-service"}
{"level":"error","message":"Un mensaje de error","service":"user-service"}
{"level":"error","message":"Un mensaje de error","service":"user-service"}
{"level":"error","message":"Un mensaje de error","service":"user-service"}
{"level":"error","message":"Un mensaje de error","service":"user-service"}
{"level":"error","message":"Un mensaje de error","service":"user-service"}
{"level":"error","message":"Un mensaje de error","service":"user-service"}
{"level":"error","message":"Un mensaje de error","service":"user-service"}
{"level":"error","message":"Un mensaje de error","service":"user-service"}
{"level":"error","message":"Un mensaje de error","service":"user-service"}
{"level":"error","message":"Un mensaje de error","service":"user-service"}
{"level":"error","message":"Un mensaje de error","service":"user-service"}
{"level":"error","message":"Un mensaje de error","service":"user-service"}
{"level":"error","message":"Un mensaje de error","service":"user-service"}
{"level":"error","message":"Un mensaje de error","service":"user-service"}
{"level":"error","message":"Un mensaje de error","service":"user-service"}
{"level":"error","message":"Un mensaje de error","service":"user-service"}
{"level":"error","message":"Un mensaje de error","service":"user-service"}
{"level":"error","message":"Un mensaje de error","service":"user-service"}
{"level":"error","message":"Un mensaje de error","service":"user-service"}
{"level":"error","message":"Un mensaje de error","service":"user-service"}
{"level":"error","message":"Un mensaje de error","service":"user-service"}
{"level":"error","message":"Un mensaje de error","service":"user-service"}
{"level":"error","message":"Un mensaje de error","service":"user-service"}
{"level":"error","message":"Un mensaje de error","service":"user-service"}
{"level":"error","message":"Un mensaje de error","service":"user-service"}
{"level":"error","message":"Un mensaje de error","service":"user-service"}
{"level":"error","message":"Un mensaje de error","service":"user-service"}
{"level":"error","message":"Un mensaje de error","service":"user-service"}
{"level":"error","message":"Un mensaje de error","service":"user-service"}
{"level":"error","message":"Un mensaje de error","service":"user-service"}
{"level":"error","message":"Un mensaje de error","service":"user-service"}
{"level":"error","message":"Un mensaje de error","service":"user-service"}
{"level":"error","message":"Un mensaje de error","service":"user-service"}
{"level":"error","message":"Un mensaje de error","service":"user-service"}
{"level":"error","message":"Un mensaje de error","service":"user-service"}
{"level":"error","message":"Un mensaje de error","service":"user-service"}
{"level":"error","message":"Un mensaje de error","service":"user-service"}
{"level":"error","message":"Un mensaje de error","service":"user-service"}
{"level":"error","message":"Un mensaje de error","service":"user-service"}
{"level":"error","message":"Un mensaje de error","service":"user-service"}
{"level":"error","message":"Un mensaje de error","service":"user-service"}
{"level":"error","message":"Un mensaje de error","service":"user-service"}
{"level":"error","message":"Un mensaje de error","service":"user-service"}
{"level":"error","message":"Un mensaje de error","service":"user-service"}
{"level":"error","message":"Un mensaje de error","service":"user-service"}
{"level":"error","message":"Un mensaje de error","service":"user-service"}
{"level":"error","message":"Un mensaje de error","service":"user-service"}
{"level":"error","message":"Un mensaje de error","service":"user-service"}
{"level":"error","message":"Un mensaje de error","service":"user-service"}
{"level":"error","message":"Un mensaje de error","service":"user-service"}
{"level":"error","message":"Un mensaje de error","service":"user-service"}
{"level":"error","message":"Un mensaje de error","service":"user-service"}
{"level":"error","message":"Un mensaje de error","service":"user-service"}
{"level":"error","message":"Un mensaje de error","service":"user-service"}
{"level":"error","message":"Un mensaje de error","service":"user-service"}
{"level":"error","message":"Un mensaje de error","service":"user-service"}
{"level":"error","message":"Un mensaje de error","service":"user-service"}
{"level":"error","message":"Un mensaje de error","service":"user-service"}
{"level":"error","message":"Un mensaje de error","service":"user-service"}
{"level":"error","message":"Un mensaje de error","service":"user-service"}
{"level":"error","message":"Un mensaje de error","service":"user-service"}
{"level":"error","message":"Un mensaje de error","service":"user-service"}
{"level":"error","message":"Un mensaje de error","service":"user-service"}
{"level":"error","message":"Un mensaje de error","service":"user-service"}
{"level":"error","message":"Un mensaje de error","service":"user-service"}
{"level":"error","message":"Un mensaje de error","service":"user-service"}
{"level":"error","message":"Un mensaje de error","service":"user-service"}
{"level":"error","message":"Un mensaje de error","service":"user-service"}
{"level":"error","message":"Un mensaje de error","service":"user-service"}
{"level":"error","message":"Un mensaje de error","service":"user-service"}
{"level":"error","message":"Un mensaje de error","service":"user-service"}
{"level":"error","message":"Un mensaje de error","service":"user-service"}
{"level":"error","message":"Un mensaje de error","service":"user-service"}
{"level":"error","message":"Un mensaje de error","service":"user-service"}
{"level":"error","message":"Un mensaje de error","service":"user-service"}
{"level":"error","message":"Un mensaje de error","service":"user-service"}
{"level":"error","message":"Un mensaje de error","service":"user-service"}
{"level":"error","message":"Un mensaje de error","service":"user-service"}
{"level":"error","message":"Un mensaje de error","service":"user-service"}
{"level":"error","message":"Un mensaje de error","service":"user-service"}
{"level":"error","message":"Un mensaje de error","service":"user-service"}
{"level":"error","message":"Un mensaje de error","service":"user-service"}
{"level":"error","message":"Un mensaje de error","service":"user-service"}
{"level":"error","message":"Un mensaje de error","service":"user-service"}
{"level":"error","message":"Un mensaje de error","service":"user-service"}
{"level":"error","message":"Un mensaje de error","service":"user-service"}
{"level":"error","message":"Un mensaje de error","service":"user-service"}
{"level":"error","message":"Un mensaje de error","service":"user-service"}
{"level":"error","message":"Un mensaje de error","service":"user-service"}
{"level":"error","message":"Un mensaje de error","service":"user-service"}
{"level":"error","message":"Un mensaje de error","service":"user-service"}
{"level":"error","message":"Un mensaje de error","service":"user-service"}
{"level":"error","message":"Un mensaje de error","service":"user-service"}
{"level":"error","message":"Un mensaje de error","service":"user-service"}
{"level":"error","message":"Un mensaje de error","service":"user-service"}
{"level":"error","message":"Un mensaje de error","service":"user-service"}
{"level":"error","message":"Un mensaje de error","service":"user-service"}
{"level":"error","message":"Un mensaje de error","service":"user-service"}
{"level":"error","message":"Un mensaje de error","service":"user-service"}
{"level":"error","message":"Un mensaje de error","service":"user-service"}
{"level":"error","message":"Un mensaje de error","service":"user-service"}
